<?xml version="1.0" encoding="UTF-8"?>
<testsuite xmlns:xsi="http://www.w3.org/2001/XMLSchema-instance" xsi:noNamespaceSchemaLocation="https://maven.apache.org/surefire/maven-surefire-plugin/xsd/surefire-test-report.xsd" name="automatizado.test.GoogleTest" time="8.563" tests="2" errors="0" skipped="0" failures="0">
  <properties>
[...]
</properties>
  <testcase name="TC002_deveSerPossivelPesquisarNoGoogleOTextoNutella" classname="automatizado.test.GoogleTest" time="2.263"/>
  <testcase name="TC001_deveSerPossivelPesquisarNoGoogleOTextoBatataFrita" classname="automatizado.test.GoogleTest" time="3.152"/>
</testsuite>